[D 01/06 13:00] PVFS2 Server version 2.8.1 starting.
[E 01/06 13:00] Error: BMI_sockio_bind_sock: Address already in use
[E 01/06 13:00] Error: tcp_server_init() failure.
[E 01/06 13:00] Error: BMI_initialize: Address already in use
[E 01/06 13:00] Error: Could not initialize server interfaces; aborting.
[E 01/06 13:00] Error: Could not initialize server; aborting.
[D 04/27 04:59] PVFS2 Server version 2.8.2 starting.
[D 04/27 04:59] PINT_encode_initialize
[D 04/27 04:59] lebf_initialize
[D 04/27 04:59] check_req_size
[D 04/27 04:59] encode_common
[D 04/27 04:59] lebf_encode_req
[D 04/27 04:59] lebf_encode_rel
[D 04/27 04:59] check_resp_size
[D 04/27 04:59] encode_common
[D 04/27 04:59] lebf_encode_resp
[D 04/27 04:59] lebf_encode_rel
[D 04/27 04:59] check_req_size
[D 04/27 04:59] encode_common
[D 04/27 04:59] lebf_encode_req
[D 04/27 04:59] lebf_encode_rel
[D 04/27 04:59] check_resp_size
[D 04/27 04:59] encode_common
[D 04/27 04:59] lebf_encode_resp
[D 04/27 04:59] lebf_encode_rel
[D 04/27 04:59] check_req_size
[D 04/27 04:59] encode_common
[D 04/27 04:59] lebf_encode_req
[D 04/27 04:59] PINT_do_request_commit: commit node 0xbfa5de48
[D 04/27 04:59] node stored at 0
[D 04/27 04:59] clearing tree
[D 04/27 04:59] lebf_encode_rel
[D 04/27 04:59] check_resp_size
[D 04/27 04:59] encode_common
[D 04/27 04:59] lebf_encode_resp
[D 04/27 04:59] lebf_encode_rel
[D 04/27 04:59] check_req_size
[D 04/27 04:59] encode_common
[D 04/27 04:59] lebf_encode_req
[D 04/27 04:59] lebf_encode_rel
[D 04/27 04:59] check_resp_size
[D 04/27 04:59] encode_common
[D 04/27 04:59] lebf_encode_resp
[D 04/27 04:59] lebf_encode_rel
[D 04/27 04:59] check_req_size
[D 04/27 04:59] encode_common
[D 04/27 04:59] lebf_encode_req
[D 04/27 04:59] lebf_encode_rel
[D 04/27 04:59] check_resp_size
[D 04/27 04:59] encode_common
[D 04/27 04:59] lebf_encode_resp
[D 04/27 04:59] lebf_encode_rel
[D 04/27 04:59] check_req_size
[D 04/27 04:59] encode_common
[D 04/27 04:59] lebf_encode_req
[D 04/27 04:59] lebf_encode_rel
[D 04/27 04:59] check_resp_size
[D 04/27 04:59] encode_common
[D 04/27 04:59] lebf_encode_resp
[D 04/27 04:59] lebf_encode_rel
[D 04/27 04:59] check_req_size
[D 04/27 04:59] encode_common
[D 04/27 04:59] lebf_encode_req
[D 04/27 04:59] lebf_encode_rel
[D 04/27 04:59] check_resp_size
[D 04/27 04:59] encode_common
[D 04/27 04:59] lebf_encode_resp
[D 04/27 04:59] lebf_encode_rel
[D 04/27 04:59] check_req_size
[D 04/27 04:59] encode_common
[D 04/27 04:59] lebf_encode_req
[D 04/27 04:59] lebf_encode_rel
[D 04/27 04:59] check_resp_size
[D 04/27 04:59] encode_common
[D 04/27 04:59] lebf_encode_resp
[D 04/27 04:59] lebf_encode_rel
[D 04/27 04:59] check_req_size
[D 04/27 04:59] encode_common
[D 04/27 04:59] lebf_encode_req
[D 04/27 04:59] lebf_encode_rel
[D 04/27 04:59] check_resp_size
[D 04/27 04:59] encode_common
[D 04/27 04:59] lebf_encode_resp
[D 04/27 04:59] lebf_encode_rel
[D 04/27 04:59] check_req_size
[D 04/27 04:59] encode_common
[D 04/27 04:59] lebf_encode_req
[D 04/27 04:59] lebf_encode_rel
[D 04/27 04:59] check_resp_size
[D 04/27 04:59] encode_common
[D 04/27 04:59] lebf_encode_resp
[D 04/27 04:59] lebf_encode_rel
[D 04/27 04:59] check_req_size
[D 04/27 04:59] encode_common
[D 04/27 04:59] lebf_encode_req
[D 04/27 04:59] lebf_encode_rel
[D 04/27 04:59] check_resp_size
[D 04/27 04:59] encode_common
[D 04/27 04:59] lebf_encode_resp
[D 04/27 04:59] lebf_encode_rel
[D 04/27 04:59] check_req_size
[D 04/27 04:59] encode_common
[D 04/27 04:59] lebf_encode_req
[D 04/27 04:59] lebf_encode_rel
[D 04/27 04:59] check_resp_size
[D 04/27 04:59] encode_common
[D 04/27 04:59] lebf_encode_resp
[D 04/27 04:59] lebf_encode_rel
[D 04/27 04:59] check_req_size
[D 04/27 04:59] encode_common
[D 04/27 04:59] lebf_encode_req
[D 04/27 04:59] lebf_encode_rel
[D 04/27 04:59] check_resp_size
[D 04/27 04:59] encode_common
[D 04/27 04:59] lebf_encode_resp
[D 04/27 04:59] lebf_encode_rel
[D 04/27 04:59] check_resp_size
[D 04/27 04:59] encode_common
[D 04/27 04:59] lebf_encode_resp
[D 04/27 04:59] lebf_encode_rel
[D 04/27 04:59] check_req_size
[D 04/27 04:59] encode_common
[D 04/27 04:59] lebf_encode_req
[D 04/27 04:59] lebf_encode_rel
[D 04/27 04:59] check_resp_size
[D 04/27 04:59] encode_common
[D 04/27 04:59] lebf_encode_resp
[D 04/27 04:59] lebf_encode_rel
[D 04/27 04:59] check_req_size
[D 04/27 04:59] encode_common
[D 04/27 04:59] lebf_encode_req
[D 04/27 04:59] lebf_encode_rel
[D 04/27 04:59] check_resp_size
[D 04/27 04:59] encode_common
[D 04/27 04:59] lebf_encode_resp
[D 04/27 04:59] lebf_encode_rel
[D 04/27 04:59] check_req_size
[D 04/27 04:59] encode_common
[D 04/27 04:59] lebf_encode_req
[D 04/27 04:59] lebf_encode_rel
[D 04/27 04:59] check_resp_size
[D 04/27 04:59] encode_common
[D 04/27 04:59] lebf_encode_resp
[D 04/27 04:59] lebf_encode_rel
[D 04/27 04:59] check_req_size
[D 04/27 04:59] encode_common
[D 04/27 04:59] lebf_encode_req
[D 04/27 04:59] lebf_encode_rel
[D 04/27 04:59] check_resp_size
[D 04/27 04:59] encode_common
[D 04/27 04:59] lebf_encode_resp
[D 04/27 04:59] lebf_encode_rel
[D 04/27 04:59] check_req_size
[D 04/27 04:59] encode_common
[D 04/27 04:59] lebf_encode_req
[D 04/27 04:59] lebf_encode_rel
[D 04/27 04:59] check_resp_size
[D 04/27 04:59] encode_common
[D 04/27 04:59] lebf_encode_resp
[D 04/27 04:59] lebf_encode_rel
[D 04/27 04:59] check_req_size
[D 04/27 04:59] encode_common
[D 04/27 04:59] lebf_encode_req
[D 04/27 04:59] lebf_encode_rel
[D 04/27 04:59] check_resp_size
[D 04/27 04:59] encode_common
[D 04/27 04:59] lebf_encode_resp
[D 04/27 04:59] lebf_encode_rel
[D 04/27 04:59] check_req_size
[D 04/27 04:59] encode_common
[D 04/27 04:59] lebf_encode_req
[D 04/27 04:59] lebf_encode_rel
[D 04/27 04:59] check_resp_size
[D 04/27 04:59] encode_common
[D 04/27 04:59] lebf_encode_resp
[D 04/27 04:59] lebf_encode_rel
[D 04/27 04:59] check_req_size
[D 04/27 04:59] encode_common
[D 04/27 04:59] lebf_encode_req
[D 04/27 04:59] lebf_encode_rel
[D 04/27 04:59] check_resp_size
[D 04/27 04:59] encode_common
[D 04/27 04:59] lebf_encode_resp
[D 04/27 04:59] lebf_encode_rel
[D 04/27 04:59] check_req_size
[D 04/27 04:59] encode_common
[D 04/27 04:59] lebf_encode_req
[D 04/27 04:59] lebf_encode_rel
[D 04/27 04:59] check_resp_size
[D 04/27 04:59] encode_common
[D 04/27 04:59] lebf_encode_resp
[D 04/27 04:59] lebf_encode_rel
[D 04/27 04:59] check_req_size
[D 04/27 04:59] encode_common
[D 04/27 04:59] lebf_encode_req
[D 04/27 04:59] lebf_encode_rel
[D 04/27 04:59] check_resp_size
[D 04/27 04:59] encode_common
[D 04/27 04:59] lebf_encode_resp
[D 04/27 04:59] lebf_encode_rel
[D 04/27 04:59] check_req_size
[D 04/27 04:59] encode_common
[D 04/27 04:59] lebf_encode_req
[D 04/27 04:59] lebf_encode_rel
[D 04/27 04:59] check_resp_size
[D 04/27 04:59] encode_common
[D 04/27 04:59] lebf_encode_resp
[D 04/27 04:59] lebf_encode_rel
[D 04/27 04:59] check_req_size
[D 04/27 04:59] encode_common
[D 04/27 04:59] lebf_encode_req
[D 04/27 04:59] lebf_encode_rel
[D 04/27 04:59] check_resp_size
[D 04/27 04:59] encode_common
[D 04/27 04:59] lebf_encode_resp
[D 04/27 04:59] lebf_encode_rel
[D 04/27 04:59] check_req_size
[D 04/27 04:59] encode_common
[D 04/27 04:59] lebf_encode_req
[D 04/27 04:59] lebf_encode_rel
[D 04/27 04:59] check_resp_size
[D 04/27 04:59] encode_common
[D 04/27 04:59] lebf_encode_resp
[D 04/27 04:59] lebf_encode_rel
[D 04/27 04:59] check_req_size
[D 04/27 04:59] encode_common
[D 04/27 04:59] lebf_encode_req
[D 04/27 04:59] lebf_encode_rel
[D 04/27 04:59] check_resp_size
[D 04/27 04:59] encode_common
[D 04/27 04:59] lebf_encode_resp
[D 04/27 04:59] lebf_encode_rel
[D 04/27 04:59] check_req_size
[D 04/27 04:59] encode_common
[D 04/27 04:59] lebf_encode_req
[D 04/27 04:59] lebf_encode_rel
[D 04/27 04:59] check_resp_size
[D 04/27 04:59] encode_common
[D 04/27 04:59] lebf_encode_resp
[D 04/27 04:59] lebf_encode_rel
[D 04/27 04:59] check_req_size
[D 04/27 04:59] encode_common
[D 04/27 04:59] lebf_encode_req
[D 04/27 04:59] lebf_encode_rel
[D 04/27 04:59] check_resp_size
[D 04/27 04:59] encode_common
[D 04/27 04:59] lebf_encode_resp
[D 04/27 04:59] lebf_encode_rel
[D 04/27 04:59] check_req_size
[D 04/27 04:59] encode_common
[D 04/27 04:59] lebf_encode_req
[D 04/27 04:59] PINT_do_request_commit: commit node 0xbfa5de48
[D 04/27 04:59] node stored at 0
[D 04/27 04:59] clearing tree
[D 04/27 04:59] lebf_encode_rel
[D 04/27 04:59] check_resp_size
[D 04/27 04:59] encode_common
[D 04/27 04:59] lebf_encode_resp
[D 04/27 04:59] lebf_encode_rel
[D 04/27 04:59] check_req_size
[D 04/27 04:59] encode_common
[D 04/27 04:59] lebf_encode_req
[D 04/27 04:59] lebf_encode_rel
[D 04/27 04:59] check_resp_size
[D 04/27 04:59] encode_common
[D 04/27 04:59] lebf_encode_resp
[D 04/27 04:59] lebf_encode_rel
[D 04/27 04:59] check_req_size
[D 04/27 04:59] encode_common
[D 04/27 04:59] lebf_encode_req
[D 04/27 04:59] lebf_encode_rel
[D 04/27 04:59] check_resp_size
[D 04/27 04:59] encode_common
[D 04/27 04:59] lebf_encode_resp
[D 04/27 04:59] lebf_encode_rel
[D 04/27 04:59] check_req_size
[D 04/27 04:59] encode_common
[D 04/27 04:59] lebf_encode_req
[D 04/27 04:59] lebf_encode_rel
[D 04/27 04:59] check_resp_size
[D 04/27 04:59] encode_common
[D 04/27 04:59] lebf_encode_resp
[D 04/27 04:59] lebf_encode_rel
[D 04/27 04:59] check_req_size
[D 04/27 04:59] encode_common
[D 04/27 04:59] lebf_encode_req
[D 04/27 04:59] lebf_encode_rel
[D 04/27 04:59] check_resp_size
[D 04/27 04:59] encode_common
[D 04/27 04:59] lebf_encode_resp
[D 04/27 04:59] lebf_encode_rel
[D 04/27 04:59] Passing tcp://pvfss321:3334 as BMI listen address.
[D 04/27 04:59] BMI_tcp_initialize: Initializing TCP/IP module.
[D 04/27 04:59] BMI_tcp_initialize: TCP/IP module successfully initialized.
[D 04/27 04:59] Server using shm key hint: 884707649
[D 04/27 04:59] [BMI CONTROL]: BMI_set_info: set_info: 0 option: 11
[D 04/27 04:59] Default socket buffers send:16384 receive:87380
[D 04/27 04:59] Setting socket buffer size for send:0 receive:0 
[D 04/27 04:59] Reread socket buffers send:16384 receive:87380
[D 04/27 04:59] [BMI CONTROL]: BMI_set_info: set_info: 0 option: 12
[D 04/27 04:59] Default socket buffers send:16384 receive:87380
[D 04/27 04:59] Setting socket buffer size for send:0 receive:0 
[D 04/27 04:59] Reread socket buffers send:16384 receive:87380
[D 04/27 04:59] dbpf_thread_initialize: initialized
[D 04/27 04:59] dbpf_thread_function started
[D 04/27 04:59] [SYNC_COALESCE]: dbpf_sync_context_init for context 0 called
[D 04/27 04:59] dbpf_collection_lookup of coll: pvfs2-fs
[D 04/27 04:59] dbpf using default db cache size.
[D 04/27 04:59] dbpf using shm key: 1531274872
[D 04/27 04:59] collection lookup: version is 0.1.4
[D 04/27 04:59] [SYNC_COALESCE]: dbpf_sync_context_init for context 1 called
[D 04/27 04:59] dbpf collection 884707639 - Setting handle timeout to 360000000 microseconds
[D 04/27 04:59] - set handle re-use timeout to 360 seconds (ret=0)
[D 04/27 04:59] dbpf collection 884707639 - Setting cache keywords of attribute cache to dh,
[D 04/27 04:59] Setting dbpf_attr_cache keywords to:
dh,
[D 04/27 04:59] dbpf collection 884707639 - Setting cache size of attribute cache to 511
[D 04/27 04:59] dbpf collection 884707639 - Setting maximum elements of attribute cache to 1024
[D 04/27 04:59] dbpf collection 884707639 - Initialize collection attr. cache
[D 04/27 04:59] There are 1 cacheable keywords registered
[D 04/27 04:59] dbpf_attr_cache_initialize: initialized
[D 04/27 04:59] dbpf collection 884707639 - Setting collection handle ranges to 2305843009213693954-4611686018427387904,6917529027641081856-9223372036854775806
[D 04/27 04:59] op_queue add: 0x951dda8
[D 04/27 04:59] [DBPF THREAD]: STARTING TROVE SERVICE ROUTINE (DSPACE_ITERATE_HANDLES)
[D 04/27 04:59] [DBPF THREAD]: FINISHED TROVE SERVICE ROUTINE (DSPACE_ITERATE_HANDLES) (ret: 1)
[D 04/27 04:59] op_queue add: 0x951dda8
[D 04/27 04:59] op_queue add: 0x951e0a0
[D 04/27 04:59] [DBPF THREAD]: STARTING TROVE SERVICE ROUTINE (DSPACE_ITERATE_HANDLES)
[D 04/27 04:59] [DBPF THREAD]: FINISHED TROVE SERVICE ROUTINE (DSPACE_ITERATE_HANDLES) (ret: 1)
[D 04/27 04:59] op_queue add: 0x951e0a0
[D 04/27 04:59] dbpf collection 884707639 - Setting HIGH_WATERMARK to 8
[D 04/27 04:59] dbpf collection 884707639 - Setting LOW_WATERMARK to 1
[D 04/27 04:59] dbpf collection 884707639 - Enabling sync mode
[D 04/27 04:59] dbpf collection 884707639 - Disabling immediate completion
[D 04/27 04:59] File system pvfs2-fs using handles:
	2305843009213693954-4611686018427387904,6917529027641081856-9223372036854775806
[D 04/27 04:59] Sync on metadata update for pvfs2-fs: yes
[D 04/27 04:59] Sync on I/O data update for pvfs2-fs: no
[D 04/27 04:59] Export options for pvfs2-fs:
 RootSquash no
 AllSquash no
 ReadOnly no
 AnonUID 0
 AnonGID 0
[D 04/27 04:59] fp_multiqueue_setinfo: data sync mode on coll_id 884707639 set to 0
[D 04/27 04:59] [SYNC_COALESCE]: dbpf_sync_context_destroy for context 1 called
[D 04/27 04:59] Storage Init Complete (aio-threaded)
[D 04/27 04:59] 1 filesystem(s) initialized
[D 04/27 04:59] [SYNC_COALESCE]: dbpf_sync_context_init for context 1 called
[D 04/27 04:59] [SYNC_COALESCE]: dbpf_sync_context_destroy for context 1 called
[D 04/27 04:59] precreate_pool found handle 2305843009213693954 for tcp://PVFSS322:3334.
[D 04/27 04:59] op_queue add: 0x951e410
[D 04/27 04:59] [DBPF THREAD]: [KEYVAL -1]: -1
[D 04/27 04:59] [DBPF THREAD]: STARTING TROVE SERVICE ROUTINE (KEYVAL_GET_HANDLE_INFO)
[D 04/27 04:59] [DBPF KEYVAL]: handle_info get: handle: 2305843009213693954, count: 488
[D 04/27 04:59] [DBPF THREAD]: FINISHED TROVE SERVICE ROUTINE (KEYVAL_GET_HANDLE_INFO) (ret: 1)
[D 04/27 04:59] op_queue add: 0x951e410
[D 04/27 04:59] Pool count for handle 2305843009213693954 initially set to 488
[D 04/27 04:59] Initial pool count for host tcp://PVFSS322:3334, fsid 884707639: 488
[D 04/27 04:59] server_state_machine_alloc_noreq 37
[D 04/27 04:59] [SM Frame PUSH]: (0x951e358) frame: 0x9521270
[D 04/27 04:59] [SM Locating]: (0x951e358) op-id: 37
[D 04/27 04:59] server_op_state_get_machine 37
[D 04/27 04:59] [SM Locating]: (0x951e358) located: precreate_pool_refiller_sm:setup
[D 04/27 04:59] [SM frame get]: (0x951e358) op-id: 37 index: 0 base-frm: 0
[D 04/27 04:59] [SM frame get]: (0x951e358) op-id: 37 index: 0 base-frm: 0
[D 04/27 04:59] [SM frame get]: (0x951e358) op-id: 37 index: 0 base-frm: 0
[D 04/27 04:59] server_state_machine_start_noreq 0x951e358
[D 04/27 04:59] [SM Entering]: (0x951e358) precreate_pool_refiller_sm:setup (status: 134639025)
[D 04/27 04:59] [SM frame get]: (0x951e358) op-id: 37 index: 0 base-frm: 0
[D 04/27 04:59] [SM Exiting]: (0x951e358) precreate_pool_refiller_sm:setup (error code: 0), (action: COMPLETE)
[D 04/27 04:59] [SM Entering]: (0x951e358) precreate_pool_refiller_sm:wait_for_threshold (status: 134639025)
[D 04/27 04:59] [SM frame get]: (0x951e358) op-id: 37 index: 0 base-frm: 0
[D 04/27 04:59] found pool count high.
[D 04/27 04:59] [SM Exiting]: (0x951e358) precreate_pool_refiller_sm:wait_for_threshold (error code: 0), (action: DEFERRED)
[D 04/27 04:59] server_post_unexpected_recv
[D 04/27 04:59] [SM Frame PUSH]: (0x951e500) frame: 0x95231f8
[D 04/27 04:59] [SM Locating]: (0x951e500) op-id: 999
[D 04/27 04:59] server_op_state_get_machine 999
[D 04/27 04:59] [SM Locating]: (0x951e500) located: unexpected_sm:post_unexpected
[D 04/27 04:59] [SM frame get]: (0x951e500) op-id: 999 index: 0 base-frm: 0
[D 04/27 04:59] [SM Entering]: (0x951e500) unexpected_sm:post_unexpected (status: 156231512)
[D 04/27 04:59] [SM frame get]: (0x951e500) op-id: 999 index: 0 base-frm: 0
[D 04/27 04:59] [SM Exiting]: (0x951e500) unexpected_sm:post_unexpected (error code: 0), (action: DEFERRED)
[D 04/27 04:59] server_post_unexpected_recv
[D 04/27 04:59] [SM Frame PUSH]: (0x951e670) frame: 0x9524178
[D 04/27 04:59] [SM Locating]: (0x951e670) op-id: 999
[D 04/27 04:59] server_op_state_get_machine 999
[D 04/27 04:59] [SM Locating]: (0x951e670) located: unexpected_sm:post_unexpected
[D 04/27 04:59] [SM frame get]: (0x951e670) op-id: 999 index: 0 base-frm: 0
[D 04/27 04:59] [SM Entering]: (0x951e670) unexpected_sm:post_unexpected (status: 0)
[D 04/27 04:59] [SM frame get]: (0x951e670) op-id: 999 index: 0 base-frm: 0
[D 04/27 04:59] [SM Exiting]: (0x951e670) unexpected_sm:post_unexpected (error code: 0), (action: DEFERRED)
[D 04/27 04:59] server_post_unexpected_recv
[D 04/27 04:59] [SM Frame PUSH]: (0x951e7f8) frame: 0x95250f8
[D 04/27 04:59] [SM Locating]: (0x951e7f8) op-id: 999
[D 04/27 04:59] server_op_state_get_machine 999
[D 04/27 04:59] [SM Locating]: (0x951e7f8) located: unexpected_sm:post_unexpected
[D 04/27 04:59] [SM frame get]: (0x951e7f8) op-id: 999 index: 0 base-frm: 0
[D 04/27 04:59] [SM Entering]: (0x951e7f8) unexpected_sm:post_unexpected (status: 0)
[D 04/27 04:59] [SM frame get]: (0x951e7f8) op-id: 999 index: 0 base-frm: 0
[D 04/27 04:59] [SM Exiting]: (0x951e7f8) unexpected_sm:post_unexpected (error code: 0), (action: DEFERRED)
[D 04/27 04:59] server_post_unexpected_recv
[D 04/27 04:59] [SM Frame PUSH]: (0x951e980) frame: 0x9526078
[D 04/27 04:59] [SM Locating]: (0x951e980) op-id: 999
[D 04/27 04:59] server_op_state_get_machine 999
[D 04/27 04:59] [SM Locating]: (0x951e980) located: unexpected_sm:post_unexpected
[D 04/27 04:59] [SM frame get]: (0x951e980) op-id: 999 index: 0 base-frm: 0
[D 04/27 04:59] [SM Entering]: (0x951e980) unexpected_sm:post_unexpected (status: 0)
[D 04/27 04:59] [SM frame get]: (0x951e980) op-id: 999 index: 0 base-frm: 0
[D 04/27 04:59] [SM Exiting]: (0x951e980) unexpected_sm:post_unexpected (error code: 0), (action: DEFERRED)
[D 04/27 04:59] server_post_unexpected_recv
[D 04/27 04:59] [SM Frame PUSH]: (0x951eb08) frame: 0x9526ff8
[D 04/27 04:59] [SM Locating]: (0x951eb08) op-id: 999
[D 04/27 04:59] server_op_state_get_machine 999
[D 04/27 04:59] [SM Locating]: (0x951eb08) located: unexpected_sm:post_unexpected
[D 04/27 04:59] [SM frame get]: (0x951eb08) op-id: 999 index: 0 base-frm: 0
[D 04/27 04:59] [SM Entering]: (0x951eb08) unexpected_sm:post_unexpected (status: 0)
[D 04/27 04:59] [SM frame get]: (0x951eb08) op-id: 999 index: 0 base-frm: 0
[D 04/27 04:59] [SM Exiting]: (0x951eb08) unexpected_sm:post_unexpected (error code: 0), (action: DEFERRED)
[D 04/27 04:59] server_post_unexpected_recv
[D 04/27 04:59] [SM Frame PUSH]: (0x951ec90) frame: 0x9527f78
[D 04/27 04:59] [SM Locating]: (0x951ec90) op-id: 999
[D 04/27 04:59] server_op_state_get_machine 999
[D 04/27 04:59] [SM Locating]: (0x951ec90) located: unexpected_sm:post_unexpected
[D 04/27 04:59] [SM frame get]: (0x951ec90) op-id: 999 index: 0 base-frm: 0
[D 04/27 04:59] [SM Entering]: (0x951ec90) unexpected_sm:post_unexpected (status: 0)
[D 04/27 04:59] [SM frame get]: (0x951ec90) op-id: 999 index: 0 base-frm: 0
[D 04/27 04:59] [SM Exiting]: (0x951ec90) unexpected_sm:post_unexpected (error code: 0), (action: DEFERRED)
[D 04/27 04:59] server_post_unexpected_recv
[D 04/27 04:59] [SM Frame PUSH]: (0x951ee18) frame: 0x9528ef8
[D 04/27 04:59] [SM Locating]: (0x951ee18) op-id: 999
[D 04/27 04:59] server_op_state_get_machine 999
[D 04/27 04:59] [SM Locating]: (0x951ee18) located: unexpected_sm:post_unexpected
[D 04/27 04:59] [SM frame get]: (0x951ee18) op-id: 999 index: 0 base-frm: 0
[D 04/27 04:59] [SM Entering]: (0x951ee18) unexpected_sm:post_unexpected (status: 0)
[D 04/27 04:59] [SM frame get]: (0x951ee18) op-id: 999 index: 0 base-frm: 0
[D 04/27 04:59] [SM Exiting]: (0x951ee18) unexpected_sm:post_unexpected (error code: 0), (action: DEFERRED)
[D 04/27 04:59] server_post_unexpected_recv
[D 04/27 04:59] [SM Frame PUSH]: (0x951efa0) frame: 0x9529e78
[D 04/27 04:59] [SM Locating]: (0x951efa0) op-id: 999
[D 04/27 04:59] server_op_state_get_machine 999
[D 04/27 04:59] [SM Locating]: (0x951efa0) located: unexpected_sm:post_unexpected
[D 04/27 04:59] [SM frame get]: (0x951efa0) op-id: 999 index: 0 base-frm: 0
[D 04/27 04:59] [SM Entering]: (0x951efa0) unexpected_sm:post_unexpected (status: 0)
[D 04/27 04:59] [SM frame get]: (0x951efa0) op-id: 999 index: 0 base-frm: 0
[D 04/27 04:59] [SM Exiting]: (0x951efa0) unexpected_sm:post_unexpected (error code: 0), (action: DEFERRED)
[D 04/27 04:59] server_post_unexpected_recv
[D 04/27 04:59] [SM Frame PUSH]: (0x952aeb8) frame: 0x952af50
[D 04/27 04:59] [SM Locating]: (0x952aeb8) op-id: 999
[D 04/27 04:59] server_op_state_get_machine 999
[D 04/27 04:59] [SM Locating]: (0x952aeb8) located: unexpected_sm:post_unexpected
[D 04/27 04:59] [SM frame get]: (0x952aeb8) op-id: 999 index: 0 base-frm: 0
[D 04/27 04:59] [SM Entering]: (0x952aeb8) unexpected_sm:post_unexpected (status: 0)
[D 04/27 04:59] [SM frame get]: (0x952aeb8) op-id: 999 index: 0 base-frm: 0
[D 04/27 04:59] [SM Exiting]: (0x952aeb8) unexpected_sm:post_unexpected (error code: 0), (action: DEFERRED)
[D 04/27 04:59] server_post_unexpected_recv
[D 04/27 04:59] [SM Frame PUSH]: (0x952bf90) frame: 0x952c028
[D 04/27 04:59] [SM Locating]: (0x952bf90) op-id: 999
[D 04/27 04:59] server_op_state_get_machine 999
[D 04/27 04:59] [SM Locating]: (0x952bf90) located: unexpected_sm:post_unexpected
[D 04/27 04:59] [SM frame get]: (0x952bf90) op-id: 999 index: 0 base-frm: 0
[D 04/27 04:59] [SM Entering]: (0x952bf90) unexpected_sm:post_unexpected (status: 0)
[D 04/27 04:59] [SM frame get]: (0x952bf90) op-id: 999 index: 0 base-frm: 0
[D 04/27 04:59] [SM Exiting]: (0x952bf90) unexpected_sm:post_unexpected (error code: 0), (action: DEFERRED)
[D 04/27 04:59] server_post_unexpected_recv
[D 04/27 04:59] [SM Frame PUSH]: (0x952d098) frame: 0x952d130
[D 04/27 04:59] [SM Locating]: (0x952d098) op-id: 999
[D 04/27 04:59] server_op_state_get_machine 999
[D 04/27 04:59] [SM Locating]: (0x952d098) located: unexpected_sm:post_unexpected
[D 04/27 04:59] [SM frame get]: (0x952d098) op-id: 999 index: 0 base-frm: 0
[D 04/27 04:59] [SM Entering]: (0x952d098) unexpected_sm:post_unexpected (status: 0)
[D 04/27 04:59] [SM frame get]: (0x952d098) op-id: 999 index: 0 base-frm: 0
[D 04/27 04:59] [SM Exiting]: (0x952d098) unexpected_sm:post_unexpected (error code: 0), (action: DEFERRED)
[D 04/27 04:59] server_post_unexpected_recv
[D 04/27 04:59] [SM Frame PUSH]: (0x952e1a0) frame: 0x952e238
[D 04/27 04:59] [SM Locating]: (0x952e1a0) op-id: 999
[D 04/27 04:59] server_op_state_get_machine 999
[D 04/27 04:59] [SM Locating]: (0x952e1a0) located: unexpected_sm:post_unexpected
[D 04/27 04:59] [SM frame get]: (0x952e1a0) op-id: 999 index: 0 base-frm: 0
[D 04/27 04:59] [SM Entering]: (0x952e1a0) unexpected_sm:post_unexpected (status: 0)
[D 04/27 04:59] [SM frame get]: (0x952e1a0) op-id: 999 index: 0 base-frm: 0
[D 04/27 04:59] [SM Exiting]: (0x952e1a0) unexpected_sm:post_unexpected (error code: 0), (action: DEFERRED)
[D 04/27 04:59] server_post_unexpected_recv
[D 04/27 04:59] [SM Frame PUSH]: (0x952f2a8) frame: 0x952f340
[D 04/27 04:59] [SM Locating]: (0x952f2a8) op-id: 999
[D 04/27 04:59] server_op_state_get_machine 999
[D 04/27 04:59] [SM Locating]: (0x952f2a8) located: unexpected_sm:post_unexpected
[D 04/27 04:59] [SM frame get]: (0x952f2a8) op-id: 999 index: 0 base-frm: 0
[D 04/27 04:59] [SM Entering]: (0x952f2a8) unexpected_sm:post_unexpected (status: 0)
[D 04/27 04:59] [SM frame get]: (0x952f2a8) op-id: 999 index: 0 base-frm: 0
[D 04/27 04:59] [SM Exiting]: (0x952f2a8) unexpected_sm:post_unexpected (error code: 0), (action: DEFERRED)
[D 04/27 04:59] server_post_unexpected_recv
[D 04/27 04:59] [SM Frame PUSH]: (0x95303b0) frame: 0x9530448
[D 04/27 04:59] [SM Locating]: (0x95303b0) op-id: 999
[D 04/27 04:59] server_op_state_get_machine 999
[D 04/27 04:59] [SM Locating]: (0x95303b0) located: unexpected_sm:post_unexpected
[D 04/27 04:59] [SM frame get]: (0x95303b0) op-id: 999 index: 0 base-frm: 0
[D 04/27 04:59] [SM Entering]: (0x95303b0) unexpected_sm:post_unexpected (status: 0)
[D 04/27 04:59] [SM frame get]: (0x95303b0) op-id: 999 index: 0 base-frm: 0
[D 04/27 04:59] [SM Exiting]: (0x95303b0) unexpected_sm:post_unexpected (error code: 0), (action: DEFERRED)
[D 04/27 04:59] server_post_unexpected_recv
[D 04/27 04:59] [SM Frame PUSH]: (0x95314b8) frame: 0x9531550
[D 04/27 04:59] [SM Locating]: (0x95314b8) op-id: 999
[D 04/27 04:59] server_op_state_get_machine 999
[D 04/27 04:59] [SM Locating]: (0x95314b8) located: unexpected_sm:post_unexpected
[D 04/27 04:59] [SM frame get]: (0x95314b8) op-id: 999 index: 0 base-frm: 0
[D 04/27 04:59] [SM Entering]: (0x95314b8) unexpected_sm:post_unexpected (status: 0)
[D 04/27 04:59] [SM frame get]: (0x95314b8) op-id: 999 index: 0 base-frm: 0
[D 04/27 04:59] [SM Exiting]: (0x95314b8) unexpected_sm:post_unexpected (error code: 0), (action: DEFERRED)
[D 04/27 04:59] server_post_unexpected_recv
[D 04/27 04:59] [SM Frame PUSH]: (0x95325c0) frame: 0x9532658
[D 04/27 04:59] [SM Locating]: (0x95325c0) op-id: 999
[D 04/27 04:59] server_op_state_get_machine 999
[D 04/27 04:59] [SM Locating]: (0x95325c0) located: unexpected_sm:post_unexpected
[D 04/27 04:59] [SM frame get]: (0x95325c0) op-id: 999 index: 0 base-frm: 0
[D 04/27 04:59] [SM Entering]: (0x95325c0) unexpected_sm:post_unexpected (status: 0)
[D 04/27 04:59] [SM frame get]: (0x95325c0) op-id: 999 index: 0 base-frm: 0
[D 04/27 04:59] [SM Exiting]: (0x95325c0) unexpected_sm:post_unexpected (error code: 0), (action: DEFERRED)
[D 04/27 04:59] server_post_unexpected_recv
[D 04/27 04:59] [SM Frame PUSH]: (0x95336c8) frame: 0x9533760
[D 04/27 04:59] [SM Locating]: (0x95336c8) op-id: 999
[D 04/27 04:59] server_op_state_get_machine 999
[D 04/27 04:59] [SM Locating]: (0x95336c8) located: unexpected_sm:post_unexpected
[D 04/27 04:59] [SM frame get]: (0x95336c8) op-id: 999 index: 0 base-frm: 0
[D 04/27 04:59] [SM Entering]: (0x95336c8) unexpected_sm:post_unexpected (status: 0)
[D 04/27 04:59] [SM frame get]: (0x95336c8) op-id: 999 index: 0 base-frm: 0
[D 04/27 04:59] [SM Exiting]: (0x95336c8) unexpected_sm:post_unexpected (error code: 0), (action: DEFERRED)
[D 04/27 04:59] server_post_unexpected_recv
[D 04/27 04:59] [SM Frame PUSH]: (0x95347d0) frame: 0x9534868
[D 04/27 04:59] [SM Locating]: (0x95347d0) op-id: 999
[D 04/27 04:59] server_op_state_get_machine 999
[D 04/27 04:59] [SM Locating]: (0x95347d0) located: unexpected_sm:post_unexpected
[D 04/27 04:59] [SM frame get]: (0x95347d0) op-id: 999 index: 0 base-frm: 0
[D 04/27 04:59] [SM Entering]: (0x95347d0) unexpected_sm:post_unexpected (status: 0)
[D 04/27 04:59] [SM frame get]: (0x95347d0) op-id: 999 index: 0 base-frm: 0
[D 04/27 04:59] [SM Exiting]: (0x95347d0) unexpected_sm:post_unexpected (error code: 0), (action: DEFERRED)
[D 04/27 04:59] server_post_unexpected_recv
[D 04/27 04:59] [SM Frame PUSH]: (0x95358d8) frame: 0x9535970
[D 04/27 04:59] [SM Locating]: (0x95358d8) op-id: 999
[D 04/27 04:59] server_op_state_get_machine 999
[D 04/27 04:59] [SM Locating]: (0x95358d8) located: unexpected_sm:post_unexpected
[D 04/27 04:59] [SM frame get]: (0x95358d8) op-id: 999 index: 0 base-frm: 0
[D 04/27 04:59] [SM Entering]: (0x95358d8) unexpected_sm:post_unexpected (status: 0)
[D 04/27 04:59] [SM frame get]: (0x95358d8) op-id: 999 index: 0 base-frm: 0
[D 04/27 04:59] [SM Exiting]: (0x95358d8) unexpected_sm:post_unexpected (error code: 0), (action: DEFERRED)
[D 04/27 04:59] server_post_unexpected_recv
[D 04/27 04:59] [SM Frame PUSH]: (0x95369e0) frame: 0x9536a78
[D 04/27 04:59] [SM Locating]: (0x95369e0) op-id: 999
[D 04/27 04:59] server_op_state_get_machine 999
[D 04/27 04:59] [SM Locating]: (0x95369e0) located: unexpected_sm:post_unexpected
[D 04/27 04:59] [SM frame get]: (0x95369e0) op-id: 999 index: 0 base-frm: 0
[D 04/27 04:59] [SM Entering]: (0x95369e0) unexpected_sm:post_unexpected (status: 0)
[D 04/27 04:59] [SM frame get]: (0x95369e0) op-id: 999 index: 0 base-frm: 0
[D 04/27 04:59] [SM Exiting]: (0x95369e0) unexpected_sm:post_unexpected (error code: 0), (action: DEFERRED)
[D 04/27 04:59] server_post_unexpected_recv
[D 04/27 04:59] [SM Frame PUSH]: (0x9537ae8) frame: 0x9537b80
[D 04/27 04:59] [SM Locating]: (0x9537ae8) op-id: 999
[D 04/27 04:59] server_op_state_get_machine 999
[D 04/27 04:59] [SM Locating]: (0x9537ae8) located: unexpected_sm:post_unexpected
[D 04/27 04:59] [SM frame get]: (0x9537ae8) op-id: 999 index: 0 base-frm: 0
[D 04/27 04:59] [SM Entering]: (0x9537ae8) unexpected_sm:post_unexpected (status: 0)
[D 04/27 04:59] [SM frame get]: (0x9537ae8) op-id: 999 index: 0 base-frm: 0
[D 04/27 04:59] [SM Exiting]: (0x9537ae8) unexpected_sm:post_unexpected (error code: 0), (action: DEFERRED)
[D 04/27 04:59] server_post_unexpected_recv
[D 04/27 04:59] [SM Frame PUSH]: (0x9538bf0) frame: 0x9538c88
[D 04/27 04:59] [SM Locating]: (0x9538bf0) op-id: 999
[D 04/27 04:59] server_op_state_get_machine 999
[D 04/27 04:59] [SM Locating]: (0x9538bf0) located: unexpected_sm:post_unexpected
[D 04/27 04:59] [SM frame get]: (0x9538bf0) op-id: 999 index: 0 base-frm: 0
[D 04/27 04:59] [SM Entering]: (0x9538bf0) unexpected_sm:post_unexpected (status: 0)
[D 04/27 04:59] [SM frame get]: (0x9538bf0) op-id: 999 index: 0 base-frm: 0
[D 04/27 04:59] [SM Exiting]: (0x9538bf0) unexpected_sm:post_unexpected (error code: 0), (action: DEFERRED)
[D 04/27 04:59] server_post_unexpected_recv
[D 04/27 04:59] [SM Frame PUSH]: (0x9539cf8) frame: 0x9539d90
[D 04/27 04:59] [SM Locating]: (0x9539cf8) op-id: 999
[D 04/27 04:59] server_op_state_get_machine 999
[D 04/27 04:59] [SM Locating]: (0x9539cf8) located: unexpected_sm:post_unexpected
[D 04/27 04:59] [SM frame get]: (0x9539cf8) op-id: 999 index: 0 base-frm: 0
[D 04/27 04:59] [SM Entering]: (0x9539cf8) unexpected_sm:post_unexpected (status: 0)
[D 04/27 04:59] [SM frame get]: (0x9539cf8) op-id: 999 index: 0 base-frm: 0
[D 04/27 04:59] [SM Exiting]: (0x9539cf8) unexpected_sm:post_unexpected (error code: 0), (action: DEFERRED)
[D 04/27 04:59] server_post_unexpected_recv
[D 04/27 04:59] [SM Frame PUSH]: (0x953ae00) frame: 0x953ae98
[D 04/27 04:59] [SM Locating]: (0x953ae00) op-id: 999
[D 04/27 04:59] server_op_state_get_machine 999
[D 04/27 04:59] [SM Locating]: (0x953ae00) located: unexpected_sm:post_unexpected
[D 04/27 04:59] [SM frame get]: (0x953ae00) op-id: 999 index: 0 base-frm: 0
[D 04/27 04:59] [SM Entering]: (0x953ae00) unexpected_sm:post_unexpected (status: 0)
[D 04/27 04:59] [SM frame get]: (0x953ae00) op-id: 999 index: 0 base-frm: 0
[D 04/27 04:59] [SM Exiting]: (0x953ae00) unexpected_sm:post_unexpected (error code: 0), (action: DEFERRED)
[D 04/27 04:59] server_post_unexpected_recv
[D 04/27 04:59] [SM Frame PUSH]: (0x953bf08) frame: 0x953bfa0
[D 04/27 04:59] [SM Locating]: (0x953bf08) op-id: 999
[D 04/27 04:59] server_op_state_get_machine 999
[D 04/27 04:59] [SM Locating]: (0x953bf08) located: unexpected_sm:post_unexpected
[D 04/27 04:59] [SM frame get]: (0x953bf08) op-id: 999 index: 0 base-frm: 0
[D 04/27 04:59] [SM Entering]: (0x953bf08) unexpected_sm:post_unexpected (status: 0)
[D 04/27 04:59] [SM frame get]: (0x953bf08) op-id: 999 index: 0 base-frm: 0
[D 04/27 04:59] [SM Exiting]: (0x953bf08) unexpected_sm:post_unexpected (error code: 0), (action: DEFERRED)
[D 04/27 04:59] server_post_unexpected_recv
[D 04/27 04:59] [SM Frame PUSH]: (0x953d010) frame: 0x953d0a8
[D 04/27 04:59] [SM Locating]: (0x953d010) op-id: 999
[D 04/27 04:59] server_op_state_get_machine 999
[D 04/27 04:59] [SM Locating]: (0x953d010) located: unexpected_sm:post_unexpected
[D 04/27 04:59] [SM frame get]: (0x953d010) op-id: 999 index: 0 base-frm: 0
[D 04/27 04:59] [SM Entering]: (0x953d010) unexpected_sm:post_unexpected (status: 0)
[D 04/27 04:59] [SM frame get]: (0x953d010) op-id: 999 index: 0 base-frm: 0
[D 04/27 04:59] [SM Exiting]: (0x953d010) unexpected_sm:post_unexpected (error code: 0), (action: DEFERRED)
[D 04/27 04:59] server_post_unexpected_recv
[D 04/27 04:59] [SM Frame PUSH]: (0x953e118) frame: 0x953e1b0
[D 04/27 04:59] [SM Locating]: (0x953e118) op-id: 999
[D 04/27 04:59] server_op_state_get_machine 999
[D 04/27 04:59] [SM Locating]: (0x953e118) located: unexpected_sm:post_unexpected
[D 04/27 04:59] [SM frame get]: (0x953e118) op-id: 999 index: 0 base-frm: 0
[D 04/27 04:59] [SM Entering]: (0x953e118) unexpected_sm:post_unexpected (status: 0)
[D 04/27 04:59] [SM frame get]: (0x953e118) op-id: 999 index: 0 base-frm: 0
[D 04/27 04:59] [SM Exiting]: (0x953e118) unexpected_sm:post_unexpected (error code: 0), (action: DEFERRED)
[D 04/27 04:59] server_post_unexpected_recv
[D 04/27 04:59] [SM Frame PUSH]: (0x953f220) frame: 0x953f2b8
[D 04/27 04:59] [SM Locating]: (0x953f220) op-id: 999
[D 04/27 04:59] server_op_state_get_machine 999
[D 04/27 04:59] [SM Locating]: (0x953f220) located: unexpected_sm:post_unexpected
[D 04/27 04:59] [SM frame get]: (0x953f220) op-id: 999 index: 0 base-frm: 0
[D 04/27 04:59] [SM Entering]: (0x953f220) unexpected_sm:post_unexpected (status: 0)
[D 04/27 04:59] [SM frame get]: (0x953f220) op-id: 999 index: 0 base-frm: 0
[D 04/27 04:59] [SM Exiting]: (0x953f220) unexpected_sm:post_unexpected (error code: 0), (action: DEFERRED)
[D 04/27 04:59] server_post_unexpected_recv
[D 04/27 04:59] [SM Frame PUSH]: (0x9540328) frame: 0x95403c0
[D 04/27 04:59] [SM Locating]: (0x9540328) op-id: 999
[D 04/27 04:59] server_op_state_get_machine 999
[D 04/27 04:59] [SM Locating]: (0x9540328) located: unexpected_sm:post_unexpected
[D 04/27 04:59] [SM frame get]: (0x9540328) op-id: 999 index: 0 base-frm: 0
[D 04/27 04:59] [SM Entering]: (0x9540328) unexpected_sm:post_unexpected (status: 0)
[D 04/27 04:59] [SM frame get]: (0x9540328) op-id: 999 index: 0 base-frm: 0
[D 04/27 04:59] [SM Exiting]: (0x9540328) unexpected_sm:post_unexpected (error code: 0), (action: DEFERRED)
[D 04/27 04:59] server_post_unexpected_recv
[D 04/27 04:59] [SM Frame PUSH]: (0x9541430) frame: 0x95414c8
[D 04/27 04:59] [SM Locating]: (0x9541430) op-id: 999
[D 04/27 04:59] server_op_state_get_machine 999
[D 04/27 04:59] [SM Locating]: (0x9541430) located: unexpected_sm:post_unexpected
[D 04/27 04:59] [SM frame get]: (0x9541430) op-id: 999 index: 0 base-frm: 0
[D 04/27 04:59] [SM Entering]: (0x9541430) unexpected_sm:post_unexpected (status: 0)
[D 04/27 04:59] [SM frame get]: (0x9541430) op-id: 999 index: 0 base-frm: 0
[D 04/27 04:59] [SM Exiting]: (0x9541430) unexpected_sm:post_unexpected (error code: 0), (action: DEFERRED)
[D 04/27 04:59] server_post_unexpected_recv
[D 04/27 04:59] [SM Frame PUSH]: (0x9542538) frame: 0x95425d0
[D 04/27 04:59] [SM Locating]: (0x9542538) op-id: 999
[D 04/27 04:59] server_op_state_get_machine 999
[D 04/27 04:59] [SM Locating]: (0x9542538) located: unexpected_sm:post_unexpected
[D 04/27 04:59] [SM frame get]: (0x9542538) op-id: 999 index: 0 base-frm: 0
[D 04/27 04:59] [SM Entering]: (0x9542538) unexpected_sm:post_unexpected (status: 0)
[D 04/27 04:59] [SM frame get]: (0x9542538) op-id: 999 index: 0 base-frm: 0
[D 04/27 04:59] [SM Exiting]: (0x9542538) unexpected_sm:post_unexpected (error code: 0), (action: DEFERRED)
[D 04/27 04:59] server_post_unexpected_recv
[D 04/27 04:59] [SM Frame PUSH]: (0x9543640) frame: 0x95436d8
[D 04/27 04:59] [SM Locating]: (0x9543640) op-id: 999
[D 04/27 04:59] server_op_state_get_machine 999
[D 04/27 04:59] [SM Locating]: (0x9543640) located: unexpected_sm:post_unexpected
[D 04/27 04:59] [SM frame get]: (0x9543640) op-id: 999 index: 0 base-frm: 0
[D 04/27 04:59] [SM Entering]: (0x9543640) unexpected_sm:post_unexpected (status: 0)
[D 04/27 04:59] [SM frame get]: (0x9543640) op-id: 999 index: 0 base-frm: 0
[D 04/27 04:59] [SM Exiting]: (0x9543640) unexpected_sm:post_unexpected (error code: 0), (action: DEFERRED)
[D 04/27 04:59] server_post_unexpected_recv
[D 04/27 04:59] [SM Frame PUSH]: (0x9544748) frame: 0x95447e0
[D 04/27 04:59] [SM Locating]: (0x9544748) op-id: 999
[D 04/27 04:59] server_op_state_get_machine 999
[D 04/27 04:59] [SM Locating]: (0x9544748) located: unexpected_sm:post_unexpected
[D 04/27 04:59] [SM frame get]: (0x9544748) op-id: 999 index: 0 base-frm: 0
[D 04/27 04:59] [SM Entering]: (0x9544748) unexpected_sm:post_unexpected (status: 0)
[D 04/27 04:59] [SM frame get]: (0x9544748) op-id: 999 index: 0 base-frm: 0
[D 04/27 04:59] [SM Exiting]: (0x9544748) unexpected_sm:post_unexpected (error code: 0), (action: DEFERRED)
[D 04/27 04:59] server_post_unexpected_recv
[D 04/27 04:59] [SM Frame PUSH]: (0x9545850) frame: 0x95458e8
[D 04/27 04:59] [SM Locating]: (0x9545850) op-id: 999
[D 04/27 04:59] server_op_state_get_machine 999
[D 04/27 04:59] [SM Locating]: (0x9545850) located: unexpected_sm:post_unexpected
[D 04/27 04:59] [SM frame get]: (0x9545850) op-id: 999 index: 0 base-frm: 0
[D 04/27 04:59] [SM Entering]: (0x9545850) unexpected_sm:post_unexpected (status: 0)
[D 04/27 04:59] [SM frame get]: (0x9545850) op-id: 999 index: 0 base-frm: 0
[D 04/27 04:59] [SM Exiting]: (0x9545850) unexpected_sm:post_unexpected (error code: 0), (action: DEFERRED)
[D 04/27 04:59] server_post_unexpected_recv
[D 04/27 04:59] [SM Frame PUSH]: (0x9546958) frame: 0x95469f0
[D 04/27 04:59] [SM Locating]: (0x9546958) op-id: 999
[D 04/27 04:59] server_op_state_get_machine 999
[D 04/27 04:59] [SM Locating]: (0x9546958) located: unexpected_sm:post_unexpected
[D 04/27 04:59] [SM frame get]: (0x9546958) op-id: 999 index: 0 base-frm: 0
[D 04/27 04:59] [SM Entering]: (0x9546958) unexpected_sm:post_unexpected (status: 0)
[D 04/27 04:59] [SM frame get]: (0x9546958) op-id: 999 index: 0 base-frm: 0
[D 04/27 04:59] [SM Exiting]: (0x9546958) unexpected_sm:post_unexpected (error code: 0), (action: DEFERRED)
[D 04/27 04:59] server_post_unexpected_recv
[D 04/27 04:59] [SM Frame PUSH]: (0x9547a60) frame: 0x9547af8
[D 04/27 04:59] [SM Locating]: (0x9547a60) op-id: 999
[D 04/27 04:59] server_op_state_get_machine 999
[D 04/27 04:59] [SM Locating]: (0x9547a60) located: unexpected_sm:post_unexpected
[D 04/27 04:59] [SM frame get]: (0x9547a60) op-id: 999 index: 0 base-frm: 0
[D 04/27 04:59] [SM Entering]: (0x9547a60) unexpected_sm:post_unexpected (status: 0)
[D 04/27 04:59] [SM frame get]: (0x9547a60) op-id: 999 index: 0 base-frm: 0
[D 04/27 04:59] [SM Exiting]: (0x9547a60) unexpected_sm:post_unexpected (error code: 0), (action: DEFERRED)
[D 04/27 04:59] server_post_unexpected_recv
[D 04/27 04:59] [SM Frame PUSH]: (0x9548b68) frame: 0x9548c00
[D 04/27 04:59] [SM Locating]: (0x9548b68) op-id: 999
[D 04/27 04:59] server_op_state_get_machine 999
[D 04/27 04:59] [SM Locating]: (0x9548b68) located: unexpected_sm:post_unexpected
[D 04/27 04:59] [SM frame get]: (0x9548b68) op-id: 999 index: 0 base-frm: 0
[D 04/27 04:59] [SM Entering]: (0x9548b68) unexpected_sm:post_unexpected (status: 0)
[D 04/27 04:59] [SM frame get]: (0x9548b68) op-id: 999 index: 0 base-frm: 0
[D 04/27 04:59] [SM Exiting]: (0x9548b68) unexpected_sm:post_unexpected (error code: 0), (action: DEFERRED)
[D 04/27 04:59] server_post_unexpected_recv
[D 04/27 04:59] [SM Frame PUSH]: (0x9549c70) frame: 0x9549d08
[D 04/27 04:59] [SM Locating]: (0x9549c70) op-id: 999
[D 04/27 04:59] server_op_state_get_machine 999
[D 04/27 04:59] [SM Locating]: (0x9549c70) located: unexpected_sm:post_unexpected
[D 04/27 04:59] [SM frame get]: (0x9549c70) op-id: 999 index: 0 base-frm: 0
[D 04/27 04:59] [SM Entering]: (0x9549c70) unexpected_sm:post_unexpected (status: 0)
[D 04/27 04:59] [SM frame get]: (0x9549c70) op-id: 999 index: 0 base-frm: 0
[D 04/27 04:59] [SM Exiting]: (0x9549c70) unexpected_sm:post_unexpected (error code: 0), (action: DEFERRED)
[D 04/27 04:59] server_post_unexpected_recv
[D 04/27 04:59] [SM Frame PUSH]: (0x954ad78) frame: 0x954ae10
[D 04/27 04:59] [SM Locating]: (0x954ad78) op-id: 999
[D 04/27 04:59] server_op_state_get_machine 999
[D 04/27 04:59] [SM Locating]: (0x954ad78) located: unexpected_sm:post_unexpected
[D 04/27 04:59] [SM frame get]: (0x954ad78) op-id: 999 index: 0 base-frm: 0
[D 04/27 04:59] [SM Entering]: (0x954ad78) unexpected_sm:post_unexpected (status: 0)
[D 04/27 04:59] [SM frame get]: (0x954ad78) op-id: 999 index: 0 base-frm: 0
[D 04/27 04:59] [SM Exiting]: (0x954ad78) unexpected_sm:post_unexpected (error code: 0), (action: DEFERRED)
[D 04/27 04:59] server_post_unexpected_recv
[D 04/27 04:59] [SM Frame PUSH]: (0x954be80) frame: 0x954bf18
[D 04/27 04:59] [SM Locating]: (0x954be80) op-id: 999
[D 04/27 04:59] server_op_state_get_machine 999
[D 04/27 04:59] [SM Locating]: (0x954be80) located: unexpected_sm:post_unexpected
[D 04/27 04:59] [SM frame get]: (0x954be80) op-id: 999 index: 0 base-frm: 0
[D 04/27 04:59] [SM Entering]: (0x954be80) unexpected_sm:post_unexpected (status: 0)
[D 04/27 04:59] [SM frame get]: (0x954be80) op-id: 999 index: 0 base-frm: 0
[D 04/27 04:59] [SM Exiting]: (0x954be80) unexpected_sm:post_unexpected (error code: 0), (action: DEFERRED)
[D 04/27 04:59] server_post_unexpected_recv
[D 04/27 04:59] [SM Frame PUSH]: (0x954cf88) frame: 0x954d020
[D 04/27 04:59] [SM Locating]: (0x954cf88) op-id: 999
[D 04/27 04:59] server_op_state_get_machine 999
[D 04/27 04:59] [SM Locating]: (0x954cf88) located: unexpected_sm:post_unexpected
[D 04/27 04:59] [SM frame get]: (0x954cf88) op-id: 999 index: 0 base-frm: 0
[D 04/27 04:59] [SM Entering]: (0x954cf88) unexpected_sm:post_unexpected (status: 0)
[D 04/27 04:59] [SM frame get]: (0x954cf88) op-id: 999 index: 0 base-frm: 0
[D 04/27 04:59] [SM Exiting]: (0x954cf88) unexpected_sm:post_unexpected (error code: 0), (action: DEFERRED)
[D 04/27 04:59] server_post_unexpected_recv
[D 04/27 04:59] [SM Frame PUSH]: (0x954e090) frame: 0x954e128
[D 04/27 04:59] [SM Locating]: (0x954e090) op-id: 999
[D 04/27 04:59] server_op_state_get_machine 999
[D 04/27 04:59] [SM Locating]: (0x954e090) located: unexpected_sm:post_unexpected
[D 04/27 04:59] [SM frame get]: (0x954e090) op-id: 999 index: 0 base-frm: 0
[D 04/27 04:59] [SM Entering]: (0x954e090) unexpected_sm:post_unexpected (status: 0)
[D 04/27 04:59] [SM frame get]: (0x954e090) op-id: 999 index: 0 base-frm: 0
[D 04/27 04:59] [SM Exiting]: (0x954e090) unexpected_sm:post_unexpected (error code: 0), (action: DEFERRED)
[D 04/27 04:59] server_post_unexpected_recv
[D 04/27 04:59] [SM Frame PUSH]: (0x954f198) frame: 0x954f230
[D 04/27 04:59] [SM Locating]: (0x954f198) op-id: 999
[D 04/27 04:59] server_op_state_get_machine 999
[D 04/27 04:59] [SM Locating]: (0x954f198) located: unexpected_sm:post_unexpected
[D 04/27 04:59] [SM frame get]: (0x954f198) op-id: 999 index: 0 base-frm: 0
[D 04/27 04:59] [SM Entering]: (0x954f198) unexpected_sm:post_unexpected (status: 0)
[D 04/27 04:59] [SM frame get]: (0x954f198) op-id: 999 index: 0 base-frm: 0
[D 04/27 04:59] [SM Exiting]: (0x954f198) unexpected_sm:post_unexpected (error code: 0), (action: DEFERRED)
[D 04/27 04:59] server_post_unexpected_recv
[D 04/27 04:59] [SM Frame PUSH]: (0x95502a0) frame: 0x9550338
[D 04/27 04:59] [SM Locating]: (0x95502a0) op-id: 999
[D 04/27 04:59] server_op_state_get_machine 999
[D 04/27 04:59] [SM Locating]: (0x95502a0) located: unexpected_sm:post_unexpected
[D 04/27 04:59] [SM frame get]: (0x95502a0) op-id: 999 index: 0 base-frm: 0
[D 04/27 04:59] [SM Entering]: (0x95502a0) unexpected_sm:post_unexpected (status: 0)
[D 04/27 04:59] [SM frame get]: (0x95502a0) op-id: 999 index: 0 base-frm: 0
[D 04/27 04:59] [SM Exiting]: (0x95502a0) unexpected_sm:post_unexpected (error code: 0), (action: DEFERRED)
[D 04/27 04:59] server_post_unexpected_recv
[D 04/27 04:59] [SM Frame PUSH]: (0x95513a8) frame: 0x9551440
[D 04/27 04:59] [SM Locating]: (0x95513a8) op-id: 999
[D 04/27 04:59] server_op_state_get_machine 999
[D 04/27 04:59] [SM Locating]: (0x95513a8) located: unexpected_sm:post_unexpected
[D 04/27 04:59] [SM frame get]: (0x95513a8) op-id: 999 index: 0 base-frm: 0
[D 04/27 04:59] [SM Entering]: (0x95513a8) unexpected_sm:post_unexpected (status: 0)
[D 04/27 04:59] [SM frame get]: (0x95513a8) op-id: 999 index: 0 base-frm: 0
[D 04/27 04:59] [SM Exiting]: (0x95513a8) unexpected_sm:post_unexpected (error code: 0), (action: DEFERRED)
[D 04/27 04:59] server_post_unexpected_recv
[D 04/27 04:59] [SM Frame PUSH]: (0x95524b0) frame: 0x9552548
[D 04/27 04:59] [SM Locating]: (0x95524b0) op-id: 999
[D 04/27 04:59] server_op_state_get_machine 999
[D 04/27 04:59] [SM Locating]: (0x95524b0) located: unexpected_sm:post_unexpected
[D 04/27 04:59] [SM frame get]: (0x95524b0) op-id: 999 index: 0 base-frm: 0
[D 04/27 04:59] [SM Entering]: (0x95524b0) unexpected_sm:post_unexpected (status: 0)
[D 04/27 04:59] [SM frame get]: (0x95524b0) op-id: 999 index: 0 base-frm: 0
[D 04/27 04:59] [SM Exiting]: (0x95524b0) unexpected_sm:post_unexpected (error code: 0), (action: DEFERRED)
[D 04/27 04:59] server_post_unexpected_recv
[D 04/27 04:59] [SM Frame PUSH]: (0x95535b8) frame: 0x9553650
[D 04/27 04:59] [SM Locating]: (0x95535b8) op-id: 999
[D 04/27 04:59] server_op_state_get_machine 999
[D 04/27 04:59] [SM Locating]: (0x95535b8) located: unexpected_sm:post_unexpected
[D 04/27 04:59] [SM frame get]: (0x95535b8) op-id: 999 index: 0 base-frm: 0
[D 04/27 04:59] [SM Entering]: (0x95535b8) unexpected_sm:post_unexpected (status: 0)
[D 04/27 04:59] [SM frame get]: (0x95535b8) op-id: 999 index: 0 base-frm: 0
[D 04/27 04:59] [SM Exiting]: (0x95535b8) unexpected_sm:post_unexpected (error code: 0), (action: DEFERRED)
[D 04/27 04:59] server_post_unexpected_recv
[D 04/27 04:59] [SM Frame PUSH]: (0x95546c0) frame: 0x9554758
[D 04/27 04:59] [SM Locating]: (0x95546c0) op-id: 999
[D 04/27 04:59] server_op_state_get_machine 999
[D 04/27 04:59] [SM Locating]: (0x95546c0) located: unexpected_sm:post_unexpected
[D 04/27 04:59] [SM frame get]: (0x95546c0) op-id: 999 index: 0 base-frm: 0
[D 04/27 04:59] [SM Entering]: (0x95546c0) unexpected_sm:post_unexpected (status: 0)
[D 04/27 04:59] [SM frame get]: (0x95546c0) op-id: 999 index: 0 base-frm: 0
[D 04/27 04:59] [SM Exiting]: (0x95546c0) unexpected_sm:post_unexpected (error code: 0), (action: DEFERRED)
[D 04/27 04:59] server_post_unexpected_recv
[D 04/27 04:59] [SM Frame PUSH]: (0x95557c8) frame: 0x9555860
[D 04/27 04:59] [SM Locating]: (0x95557c8) op-id: 999
[D 04/27 04:59] server_op_state_get_machine 999
[D 04/27 04:59] [SM Locating]: (0x95557c8) located: unexpected_sm:post_unexpected
[D 04/27 04:59] [SM frame get]: (0x95557c8) op-id: 999 index: 0 base-frm: 0
[D 04/27 04:59] [SM Entering]: (0x95557c8) unexpected_sm:post_unexpected (status: 0)
[D 04/27 04:59] [SM frame get]: (0x95557c8) op-id: 999 index: 0 base-frm: 0
[D 04/27 04:59] [SM Exiting]: (0x95557c8) unexpected_sm:post_unexpected (error code: 0), (action: DEFERRED)
[D 04/27 04:59] server_post_unexpected_recv
[D 04/27 04:59] [SM Frame PUSH]: (0x95568d0) frame: 0x9556968
[D 04/27 04:59] [SM Locating]: (0x95568d0) op-id: 999
[D 04/27 04:59] server_op_state_get_machine 999
[D 04/27 04:59] [SM Locating]: (0x95568d0) located: unexpected_sm:post_unexpected
[D 04/27 04:59] [SM frame get]: (0x95568d0) op-id: 999 index: 0 base-frm: 0
[D 04/27 04:59] [SM Entering]: (0x95568d0) unexpected_sm:post_unexpected (status: 0)
[D 04/27 04:59] [SM frame get]: (0x95568d0) op-id: 999 index: 0 base-frm: 0
[D 04/27 04:59] [SM Exiting]: (0x95568d0) unexpected_sm:post_unexpected (error code: 0), (action: DEFERRED)
[D 04/27 04:59] Initialization completed successfully.
[D 04/27 04:59] server_state_machine_alloc_noreq 19
[D 04/27 04:59] [SM Frame PUSH]: (0x95579d8) frame: 0x9557a70
[D 04/27 04:59] [SM Locating]: (0x95579d8) op-id: 19
[D 04/27 04:59] server_op_state_get_machine 19
[D 04/27 04:59] [SM Locating]: (0x95579d8) located: perf_update_sm:do_work
[D 04/27 04:59] [SM frame get]: (0x95579d8) op-id: 19 index: 0 base-frm: 0
[D 04/27 04:59] [SM frame get]: (0x95579d8) op-id: 19 index: 0 base-frm: 0
[D 04/27 04:59] server_state_machine_start_noreq 0x95579d8
[D 04/27 04:59] [SM Entering]: (0x95579d8) perf_update_sm:do_work (status: 0)
[P 04/27 04:59] Start times (hr:min:sec):  04:59:31.374             0             0             0             0             0
[P 04/27 04:59] Intervals (hr:min:sec)  :  00:00:00.017             0             0             0             0             0
[P 04/27 04:59] -------------------------------------------------------------------------------------------------------------
[P 04/27 04:59] bytes read              :             0             0             0             0             0             0
[P 04/27 04:59] bytes written           :             0             0             0             0             0             0
[P 04/27 04:59] metadata reads          :             0             0             0             0             0             0
[P 04/27 04:59] metadata writes         :             0             0             0             0             0             0
[P 04/27 04:59] metadata dspace ops     :             0             0             0             0             0             0
[P 04/27 04:59] metadata keyval ops     :             1             0             0             0             0             0
[P 04/27 04:59] request scheduler       :             0             0             0             0             0             0
[D 04/27 04:59] [SM Exiting]: (0x95579d8) perf_update_sm:do_work (error code: 0), (action: DEFERRED)
[D 04/27 04:59] server_state_machine_alloc_noreq 27
[D 04/27 04:59] [SM Frame PUSH]: (0x9558b28) frame: 0x9558bc0
[D 04/27 04:59] [SM Locating]: (0x9558b28) op-id: 27
[D 04/27 04:59] server_op_state_get_machine 27
[D 04/27 04:59] [SM Locating]: (0x9558b28) located: job_timer_sm:do_work
[D 04/27 04:59] [SM frame get]: (0x9558b28) op-id: 27 index: 0 base-frm: 0
[D 04/27 04:59] [SM frame get]: (0x9558b28) op-id: 27 index: 0 base-frm: 0
[D 04/27 04:59] server_state_machine_start_noreq 0x9558b28
[D 04/27 04:59] [SM Entering]: (0x9558b28) job_timer_sm:do_work (status: 0)
[D 04/27 04:59] [SM Exiting]: (0x9558b28) job_timer_sm:do_work (error code: 0), (action: DEFERRED)
[D 04/27 04:59] [SM Entering]: (0x95579d8) perf_update_sm:do_work (status: 0)
[P 04/27 04:59] Start times (hr:min:sec):  04:59:31.391  04:59:31.374             0             0             0             0
[P 04/27 04:59] Intervals (hr:min:sec)  :  00:00:01.006  00:00:00.017             0             0             0             0
[P 04/27 04:59] -------------------------------------------------------------------------------------------------------------
[P 04/27 04:59] bytes read              :             0             0             0             0             0             0
[P 04/27 04:59] bytes written           :             0             0             0             0             0             0
[P 04/27 04:59] metadata reads          :             0             0             0             0             0             0
[P 04/27 04:59] metadata writes         :             0             0             0             0             0             0
[P 04/27 04:59] metadata dspace ops     :             0             0             0             0             0             0
[P 04/27 04:59] metadata keyval ops     :             1             1             0             0             0             0
[P 04/27 04:59] request scheduler       :             0             0             0             0             0             0
[D 04/27 04:59] [SM Exiting]: (0x95579d8) perf_update_sm:do_work (error code: 0), (action: DEFERRED)
[D 04/27 04:59] [SM Entering]: (0x9558b28) job_timer_sm:do_work (status: 0)
[D 04/27 04:59] [SM Exiting]: (0x9558b28) job_timer_sm:do_work (error code: 0), (action: DEFERRED)
[D 04/27 04:59] [SM Entering]: (0x95579d8) perf_update_sm:do_work (status: 0)
[P 04/27 04:59] Start times (hr:min:sec):  04:59:32.397  04:59:31.391  04:59:31.374             0             0             0
[P 04/27 04:59] Intervals (hr:min:sec)  :  00:00:01.005  00:00:01.006  00:00:00.017             0             0             0
[P 04/27 04:59] -------------------------------------------------------------------------------------------------------------
[P 04/27 04:59] bytes read              :             0             0             0             0             0             0
[P 04/27 04:59] bytes written           :             0             0             0             0             0             0
[P 04/27 04:59] metadata reads          :             0             0             0             0             0             0
[P 04/27 04:59] metadata writes         :             0             0             0             0             0             0
[P 04/27 04:59] metadata dspace ops     :             0             0             0             0             0             0
[P 04/27 04:59] metadata keyval ops     :             1             1             1             0             0             0
[P 04/27 04:59] request scheduler       :             0             0             0             0             0             0
[D 04/27 04:59] [SM Exiting]: (0x95579d8) perf_update_sm:do_work (error code: 0), (action: DEFERRED)
[D 04/27 04:59] [SM Entering]: (0x9558b28) job_timer_sm:do_work (status: 0)
[D 04/27 04:59] [SM Exiting]: (0x9558b28) job_timer_sm:do_work (error code: 0), (action: DEFERRED)
[D 04/27 04:59] [SM Entering]: (0x95579d8) perf_update_sm:do_work (status: 0)
[P 04/27 04:59] Start times (hr:min:sec):  04:59:33.403  04:59:32.397  04:59:31.391  04:59:31.374             0             0
[P 04/27 04:59] Intervals (hr:min:sec)  :  00:00:01.005  00:00:01.006  00:00:01.006  00:00:00.017             0             0
[P 04/27 04:59] -------------------------------------------------------------------------------------------------------------
[P 04/27 04:59] bytes read              :             0             0             0             0             0             0
[P 04/27 04:59] bytes written           :             0             0             0             0             0             0
[P 04/27 04:59] metadata reads          :             0             0             0             0             0             0
[P 04/27 04:59] metadata writes         :             0             0             0             0             0             0
[P 04/27 04:59] metadata dspace ops     :             0             0             0             0             0             0
[P 04/27 04:59] metadata keyval ops     :             1             1             1             1             0             0
[P 04/27 04:59] request scheduler       :             0             0             0             0             0             0
[D 04/27 04:59] [SM Exiting]: (0x95579d8) perf_update_sm:do_work (error code: 0), (action: DEFERRED)
[D 04/27 04:59] [SM Entering]: (0x9558b28) job_timer_sm:do_work (status: 0)
[D 04/27 04:59] [SM Exiting]: (0x9558b28) job_timer_sm:do_work (error code: 0), (action: DEFERRED)
[D 04/27 04:59] [SM Entering]: (0x95579d8) perf_update_sm:do_work (status: 0)
[P 04/27 04:59] Start times (hr:min:sec):  04:59:34.408  04:59:33.403  04:59:32.397  04:59:31.391  04:59:31.374             0
[P 04/27 04:59] Intervals (hr:min:sec)  :  00:00:01.007  00:00:01.005  00:00:01.006  00:00:01.006  00:00:00.017             0
[P 04/27 04:59] -------------------------------------------------------------------------------------------------------------
[P 04/27 04:59] bytes read              :             0             0             0             0             0             0
[P 04/27 04:59] bytes written           :             0             0             0             0             0             0
[P 04/27 04:59] metadata reads          :             0             0             0             0             0             0
[P 04/27 04:59] metadata writes         :             0             0             0             0             0             0
[P 04/27 04:59] metadata dspace ops     :             0             0             0             0             0             0
[P 04/27 04:59] metadata keyval ops     :             1             1             1             1             1             0
[P 04/27 04:59] request scheduler       :             0             0             0             0             0             0
[D 04/27 04:59] [SM Exiting]: (0x95579d8) perf_update_sm:do_work (error code: 0), (action: DEFERRED)
[D 04/27 04:59] [SM Entering]: (0x9558b28) job_timer_sm:do_work (status: 0)
[D 04/27 04:59] [SM Exiting]: (0x9558b28) job_timer_sm:do_work (error code: 0), (action: DEFERRED)
[D 04/27 04:59] [SM Entering]: (0x95579d8) perf_update_sm:do_work (status: 0)
[P 04/27 04:59] Start times (hr:min:sec):  04:59:35.415  04:59:34.408  04:59:33.403  04:59:32.397  04:59:31.391  04:59:31.374
[P 04/27 04:59] Intervals (hr:min:sec)  :  00:00:01.006  00:00:01.007  00:00:01.005  00:00:01.006  00:00:01.006  00:00:00.017
[P 04/27 04:59] -------------------------------------------------------------------------------------------------------------
[P 04/27 04:59] bytes read              :             0             0             0             0             0             0
[P 04/27 04:59] bytes written           :             0             0             0             0             0             0
[P 04/27 04:59] metadata reads          :             0             0             0             0             0             0
[P 04/27 04:59] metadata writes         :             0             0             0             0             0             0
[P 04/27 04:59] metadata dspace ops     :             0             0             0             0             0             0
[P 04/27 04:59] metadata keyval ops     :             1             1             1             1             1             1
[P 04/27 04:59] request scheduler       :             0             0             0             0             0             0
[D 04/27 04:59] [SM Exiting]: (0x95579d8) perf_update_sm:do_work (error code: 0), (action: DEFERRED)
[D 04/27 04:59] [SM Entering]: (0x9558b28) job_timer_sm:do_work (status: 0)
[D 04/27 04:59] [SM Exiting]: (0x9558b28) job_timer_sm:do_work (error code: 0), (action: DEFERRED)
[D 04/27 04:59] [SM Entering]: (0x95579d8) perf_update_sm:do_work (status: 0)
[P 04/27 04:59] Start times (hr:min:sec):  04:59:36.421  04:59:35.415  04:59:34.408  04:59:33.403  04:59:32.397  04:59:31.391
[P 04/27 04:59] Intervals (hr:min:sec)  :  00:00:01.005  00:00:01.006  00:00:01.007  00:00:01.005  00:00:01.006  00:00:01.006
[P 04/27 04:59] -------------------------------------------------------------------------------------------------------------
[P 04/27 04:59] bytes read              :             0             0             0             0             0             0
[P 04/27 04:59] bytes written           :             0             0             0             0             0             0
[P 04/27 04:59] metadata reads          :             0             0             0             0             0             0
[P 04/27 04:59] metadata writes         :             0             0             0             0             0             0
[P 04/27 04:59] metadata dspace ops     :             0             0             0             0             0             0
[P 04/27 04:59] metadata keyval ops     :             1             1             1             1             1             1
[P 04/27 04:59] request scheduler       :             0             0             0             0             0             0
[D 04/27 04:59] [SM Exiting]: (0x95579d8) perf_update_sm:do_work (error code: 0), (action: DEFERRED)
[D 04/27 04:59] [SM Entering]: (0x9558b28) job_timer_sm:do_work (status: 0)
[D 04/27 04:59] [SM Exiting]: (0x9558b28) job_timer_sm:do_work (error code: 0), (action: DEFERRED)
[D 04/27 04:59] [SM Entering]: (0x95579d8) perf_update_sm:do_work (status: 0)
[P 04/27 04:59] Start times (hr:min:sec):  04:59:37.426  04:59:36.421  04:59:35.415  04:59:34.408  04:59:33.403  04:59:32.397
[P 04/27 04:59] Intervals (hr:min:sec)  :  00:00:01.004  00:00:01.005  00:00:01.006  00:00:01.007  00:00:01.005  00:00:01.006
[P 04/27 04:59] -------------------------------------------------------------------------------------------------------------
[P 04/27 04:59] bytes read              :             0             0             0             0             0             0
[P 04/27 04:59] bytes written           :             0             0             0             0             0             0
[P 04/27 04:59] metadata reads          :             0             0             0             0             0             0
[P 04/27 04:59] metadata writes         :             0             0             0             0             0             0
[P 04/27 04:59] metadata dspace ops     :             0             0             0             0             0             0
[P 04/27 04:59] metadata keyval ops     :             1             1             1             1             1             1
[P 04/27 04:59] request scheduler       :             0             0             0             0             0             0
[D 04/27 04:59] [SM Exiting]: (0x95579d8) perf_update_sm:do_work (error code: 0), (action: DEFERRED)
[D 04/27 04:59] [SM Entering]: (0x9558b28) job_timer_sm:do_work (status: 0)
[D 04/27 04:59] [SM Exiting]: (0x9558b28) job_timer_sm:do_work (error code: 0), (action: DEFERRED)
[D 04/27 04:59] [SM Entering]: (0x95579d8) perf_update_sm:do_work (status: 0)
[P 04/27 04:59] Start times (hr:min:sec):  04:59:38.431  04:59:37.426  04:59:36.421  04:59:35.415  04:59:34.408  04:59:33.403
[P 04/27 04:59] Intervals (hr:min:sec)  :  00:00:01.005  00:00:01.005  00:00:01.005  00:00:01.006  00:00:01.007  00:00:01.005
[P 04/27 04:59] -------------------------------------------------------------------------------------------------------------
[P 04/27 04:59] bytes read              :             0             0             0             0             0             0
[P 04/27 04:59] bytes written           :             0             0             0             0             0             0
[P 04/27 04:59] metadata reads          :             0             0             0             0             0             0
[P 04/27 04:59] metadata writes         :             0             0             0             0             0             0
[P 04/27 04:59] metadata dspace ops     :             0             0             0             0             0             0
[P 04/27 04:59] metadata keyval ops     :             1             1             1             1             1             1
[P 04/27 04:59] request scheduler       :             0             0             0             0             0             0
[D 04/27 04:59] [SM Exiting]: (0x95579d8) perf_update_sm:do_work (error code: 0), (action: DEFERRED)
[D 04/27 04:59] [SM Entering]: (0x9558b28) job_timer_sm:do_work (status: 0)
[D 04/27 04:59] [SM Exiting]: (0x9558b28) job_timer_sm:do_work (error code: 0), (action: DEFERRED)
[D 04/27 04:59] [SM Entering]: (0x95579d8) perf_update_sm:do_work (status: 0)
[P 04/27 04:59] Start times (hr:min:sec):  04:59:39.436  04:59:38.431  04:59:37.426  04:59:36.421  04:59:35.415  04:59:34.408
[P 04/27 04:59] Intervals (hr:min:sec)  :  00:00:01.003  00:00:01.005  00:00:01.005  00:00:01.005  00:00:01.006  00:00:01.007
[P 04/27 04:59] -------------------------------------------------------------------------------------------------------------
[P 04/27 04:59] bytes read              :             0             0             0             0             0             0
[P 04/27 04:59] bytes written           :             0             0             0             0             0             0
[P 04/27 04:59] metadata reads          :             0             0             0             0             0             0
[P 04/27 04:59] metadata writes         :             0             0             0             0             0             0
[P 04/27 04:59] metadata dspace ops     :             0             0             0             0             0             0
[P 04/27 04:59] metadata keyval ops     :             1             1             1             1             1             1
[P 04/27 04:59] request scheduler       :             0             0             0             0             0             0
[D 04/27 04:59] [SM Exiting]: (0x95579d8) perf_update_sm:do_work (error code: 0), (action: DEFERRED)
[D 04/27 04:59] [SM Entering]: (0x9558b28) job_timer_sm:do_work (status: 0)
[D 04/27 04:59] [SM Exiting]: (0x9558b28) job_timer_sm:do_work (error code: 0), (action: DEFERRED)
[D 04/27 04:59] [SM Entering]: (0x95579d8) perf_update_sm:do_work (status: 0)
[P 04/27 04:59] Start times (hr:min:sec):  04:59:40.439  04:59:39.436  04:59:38.431  04:59:37.426  04:59:36.421  04:59:35.415
[P 04/27 04:59] Intervals (hr:min:sec)  :  00:00:01.005  00:00:01.003  00:00:01.005  00:00:01.005  00:00:01.005  00:00:01.006
[P 04/27 04:59] -------------------------------------------------------------------------------------------------------------
[P 04/27 04:59] bytes read              :             0             0             0             0             0             0
[P 04/27 04:59] bytes written           :             0             0             0             0             0             0
[P 04/27 04:59] metadata reads          :             0             0             0             0             0             0
[P 04/27 04:59] metadata writes         :             0             0             0             0             0             0
[P 04/27 04:59] metadata dspace ops     :             0             0             0             0             0             0
[P 04/27 04:59] metadata keyval ops     :             1             1             1             1             1             1
[P 04/27 04:59] request scheduler       :             0             0             0             0             0             0
[D 04/27 04:59] [SM Exiting]: (0x95579d8) perf_update_sm:do_work (error code: 0), (action: DEFERRED)
[D 04/27 04:59] [SM Entering]: (0x9558b28) job_timer_sm:do_work (status: 0)
[D 04/27 04:59] [SM Exiting]: (0x9558b28) job_timer_sm:do_work (error code: 0), (action: DEFERRED)
[D 04/27 04:59] [SM Entering]: (0x95579d8) perf_update_sm:do_work (status: 0)
[P 04/27 04:59] Start times (hr:min:sec):  04:59:41.444  04:59:40.439  04:59:39.436  04:59:38.431  04:59:37.426  04:59:36.421
[P 04/27 04:59] Intervals (hr:min:sec)  :  00:00:01.002  00:00:01.005  00:00:01.003  00:00:01.005  00:00:01.005  00:00:01.005
[P 04/27 04:59] -------------------------------------------------------------------------------------------------------------